#
# There is insufficient memory for the Java Runtime Environment to continue.
# Native memory allocation (malloc) failed to allocate 340496 bytes for Chunk::new
# Possible reasons:
#   The system is out of physical RAM or swap space
#   The process is running with CompressedOops enabled, and the Java Heap may be blocking the growth of the native heap
# Possible solutions:
#   Reduce memory load on the system
#   Increase physical memory or swap space
#   Check if swap backing store is full
#   Decrease Java heap size (-Xmx/-Xms)
#   Decrease number of Java threads
#   Decrease Java thread stack sizes (-Xss)
#   Set larger code cache with -XX:ReservedCodeCacheSize=
#   JVM is running with Unscaled Compressed Oops mode in which the Java heap is
#     placed in the first 4GB address space. The Java Heap base address is the
#     maximum limit for the native heap growth. Please use -XX:HeapBaseMinAddress
#     to set the Java Heap base and to place the Java Heap above 4GB virtual address.
# This output file may be truncated or incomplete.
#
#  Out of Memory Error (t:/workspace/open/src/hotspot/share/memory/arena.cpp:197), pid=19980, tid=18736
#
# JRE version: Java(TM) SE Runtime Environment (12.0.2+10) (build 12.0.2+10)
# Java VM: Java HotSpot(TM) 64-Bit Server VM (12.0.2+10, mixed mode, sharing, tiered, compressed oops, g1 gc, windows-amd64)
# No core dump will be written. Minidumps are not enabled by default on client versions of Windows
#

---------------  S U M M A R Y ------------

Command Line: -ea -Didea.test.cyclic.buffer.size=1048576 -javaagent:C:\Program Files\JetBrains\IntelliJ IDEA Community Edition 2021.1\lib\idea_rt.jar=1567:C:\Program Files\JetBrains\IntelliJ IDEA Community Edition 2021.1\bin -Dfile.encoding=UTF-8 com.intellij.rt.testng.RemoteTestNGStarter -usedefaultlisteners false -socket1566 @w@C:\Users\ENGMAZ~1\AppData\Local\Temp\idea_working_dirs_testng.tmp -temp C:\Users\ENGMAZ~1\AppData\Local\Temp\idea_testng.tmp

Host: Intel(R) Core(TM) i7-8550U CPU @ 1.80GHz, 8 cores, 7G,  Windows 10 , 64 bit Build 14393 (10.0.14393.2214)
Time: Fri Apr 16 13:36:11 2021 Egypt Standard Time elapsed time: 8 seconds (0d 0h 0m 8s)

---------------  T H R E A D  ---------------

Current thread (0x000001acfef08000):  JavaThread "C2 CompilerThread0" daemon [_thread_in_native, id=18736, stack(0x000000a92bb00000,0x000000a92bc00000)]


Current CompileTask:
C2:   8852 1647       4       java.io.DataOutputStream::writeShort (35 bytes)

Stack: [0x000000a92bb00000,0x000000a92bc00000]
Native frames: (J=compiled Java code, j=interpreted, Vv=VM code, C=native code)
V  [jvm.dll+0x63aa2a]
V  [jvm.dll+0x78ce1e]
V  [jvm.dll+0x78e4c1]
V  [jvm.dll+0x78eb13]
V  [jvm.dll+0x2627e8]
V  [jvm.dll+0xc55cc]
V  [jvm.dll+0xc5b4c]
V  [jvm.dll+0x37a677]
V  [jvm.dll+0x3463d3]
V  [jvm.dll+0x34579a]
V  [jvm.dll+0x21c205]
V  [jvm.dll+0x21b3da]
V  [jvm.dll+0x199a20]
V  [jvm.dll+0x22a744]
V  [jvm.dll+0x228d98]
V  [jvm.dll+0x7512a0]
V  [jvm.dll+0x74a2c8]
V  [jvm.dll+0x639b16]
C  [ucrtbase.dll+0x1cd70]
C  [KERNEL32.DLL+0x8364]
C  [ntdll.dll+0x670b1]


---------------  P R O C E S S  ---------------

Threads class SMR info:
_java_thread_list=0x000001ac8668f870, length=15, elements={
0x000001ace42c3000, 0x000001acfeeeb000, 0x000001acfeeee800, 0x000001acfef03000,
0x000001acfef04000, 0x000001acfef08000, 0x000001acfef0c000, 0x000001acfef0e000,
0x000001acff93e800, 0x000001acffa07800, 0x000001acffa12000, 0x000001ac864b2000,
0x000001ac86580800, 0x000001ac86581000, 0x000001ac86582000
}

Java Threads: ( => current thread )
  0x000001ace42c3000 JavaThread "Forwarding findElement on session 7c325c23fa650f565f68bf20af482fc2 to remote" [_thread_in_native, id=16252, stack(0x000000a92b000000,0x000000a92b100000)]
  0x000001acfeeeb000 JavaThread "Reference Handler" daemon [_thread_blocked, id=18608, stack(0x000000a92b700000,0x000000a92b800000)]
  0x000001acfeeee800 JavaThread "Finalizer" daemon [_thread_blocked, id=4176, stack(0x000000a92b800000,0x000000a92b900000)]
  0x000001acfef03000 JavaThread "Signal Dispatcher" daemon [_thread_blocked, id=17232, stack(0x000000a92b900000,0x000000a92ba00000)]
  0x000001acfef04000 JavaThread "Attach Listener" daemon [_thread_blocked, id=19416, stack(0x000000a92ba00000,0x000000a92bb00000)]
=>0x000001acfef08000 JavaThread "C2 CompilerThread0" daemon [_thread_in_native, id=18736, stack(0x000000a92bb00000,0x000000a92bc00000)]
  0x000001acfef0c000 JavaThread "C1 CompilerThread0" daemon [_thread_blocked, id=18460, stack(0x000000a92bc00000,0x000000a92bd00000)]
  0x000001acfef0e000 JavaThread "Sweeper thread" daemon [_thread_blocked, id=18376, stack(0x000000a92bd00000,0x000000a92be00000)]
  0x000001acff93e800 JavaThread "Common-Cleaner" daemon [_thread_blocked, id=10164, stack(0x000000a92be00000,0x000000a92bf00000)]
  0x000001acffa07800 JavaThread "Monitor Ctrl-Break" daemon [_thread_in_native, id=20100, stack(0x000000a92c000000,0x000000a92c100000)]
  0x000001acffa12000 JavaThread "Service Thread" daemon [_thread_blocked, id=19684, stack(0x000000a92c100000,0x000000a92c200000)]
  0x000001ac864b2000 JavaThread "Exec Default Executor" daemon [_thread_in_native, id=18688, stack(0x000000a92c900000,0x000000a92ca00000)]
  0x000001ac86580800 JavaThread "UrlChecker-2" daemon [_thread_blocked, id=332, stack(0x000000a92ca00000,0x000000a92cb00000)]
  0x000001ac86581000 JavaThread "Exec Stream Pumper" daemon [_thread_in_native, id=20084, stack(0x000000a92cb00000,0x000000a92cc00000)]
  0x000001ac86582000 JavaThread "Exec Stream Pumper" daemon [_thread_in_native, id=20076, stack(0x000000a92cc00000,0x000000a92cd00000)]

Other Threads:
  0x000001acfeee6800 VMThread "VM Thread" [stack: 0x000000a92b600000,0x000000a92b700000] [id=20376]
  0x000001acffa15000 WatcherThread [stack: 0x000000a92c200000,0x000000a92c300000] [id=20140]
  0x000001ace4300800 GCTaskThread "GC Thread#0" [stack: 0x000000a92b100000,0x000000a92b200000] [id=10344]
  0x000001ac864b3000 GCTaskThread "GC Thread#1" [stack: 0x000000a92c700000,0x000000a92c800000] [id=20060]
  0x000001ace430d800 ConcurrentGCThread "G1 Main Marker" [stack: 0x000000a92b200000,0x000000a92b300000] [id=19420]
  0x000001ace4310000 ConcurrentGCThread "G1 Conc#0" [stack: 0x000000a92b300000,0x000000a92b400000] [id=10872]
  0x000001acfed56800 ConcurrentGCThread "G1 Refine#0" [stack: 0x000000a92b400000,0x000000a92b500000] [id=16152]
  0x000001acfed57800 ConcurrentGCThread "G1 Young RemSet Sampling" [stack: 0x000000a92b500000,0x000000a92b600000] [id=1288]

Threads with active compile tasks:
C2 CompilerThread0  1647       4       java.io.DataOutputStream::writeShort (35 bytes)

VM state:not at safepoint (normal execution)

VM Mutex/Monitor currently owned by a thread: None

Heap address: 0x0000000085600000, size: 1962 MB, Compressed Oops mode: 32-bit
Narrow klass base: 0x0000000800000000, Narrow klass shift: 3
Compressed class space size: 1073741824 Address: 0x0000000801190000

Heap:
 garbage-first heap   total 126976K, used 25708K [0x0000000085600000, 0x0000000100000000)
  region size 1024K, 24 young (24576K), 3 survivors (3072K)
 Metaspace       used 13430K, capacity 13907K, committed 14208K, reserved 1060864K
  class space    used 1691K, capacity 1854K, committed 1920K, reserved 1048576K
Heap Regions: E=young(eden), S=young(survivor), O=old, HS=humongous(starts), HC=humongous(continues), CS=collection set, F=free, A=archive, TAMS=top-at-mark-start (previous, next)
|   0|0x0000000085600000, 0x0000000085700000, 0x0000000085700000|100%| O|  |TAMS 0x0000000085600000, 0x0000000085600000| Untracked 
|   1|0x0000000085700000, 0x0000000085800000, 0x0000000085800000|100%| O|  |TAMS 0x0000000085700000, 0x0000000085700000| Untracked 
|   2|0x0000000085800000, 0x000000008581b000, 0x0000000085900000| 10%| O|  |TAMS 0x0000000085800000, 0x0000000085800000| Untracked 
|   3|0x0000000085900000, 0x0000000085900000, 0x0000000085a00000|  0%| F|  |TAMS 0x0000000085900000, 0x0000000085900000| Untracked 
|   4|0x0000000085a00000, 0x0000000085a00000, 0x0000000085b00000|  0%| F|  |TAMS 0x0000000085a00000, 0x0000000085a00000| Untracked 
|   5|0x0000000085b00000, 0x0000000085b00000, 0x0000000085c00000|  0%| F|  |TAMS 0x0000000085b00000, 0x0000000085b00000| Untracked 
|   6|0x0000000085c00000, 0x0000000085c00000, 0x0000000085d00000|  0%| F|  |TAMS 0x0000000085c00000, 0x0000000085c00000| Untracked 
|   7|0x0000000085d00000, 0x0000000085d00000, 0x0000000085e00000|  0%| F|  |TAMS 0x0000000085d00000, 0x0000000085d00000| Untracked 
|   8|0x0000000085e00000, 0x0000000085e00000, 0x0000000085f00000|  0%| F|  |TAMS 0x0000000085e00000, 0x0000000085e00000| Untracked 
|   9|0x0000000085f00000, 0x0000000085f00000, 0x0000000086000000|  0%| F|  |TAMS 0x0000000085f00000, 0x0000000085f00000| Untracked 
|  10|0x0000000086000000, 0x0000000086000000, 0x0000000086100000|  0%| F|  |TAMS 0x0000000086000000, 0x0000000086000000| Untracked 
|  11|0x0000000086100000, 0x0000000086100000, 0x0000000086200000|  0%| F|  |TAMS 0x0000000086100000, 0x0000000086100000| Untracked 
|  12|0x0000000086200000, 0x0000000086200000, 0x0000000086300000|  0%| F|  |TAMS 0x0000000086200000, 0x0000000086200000| Untracked 
|  13|0x0000000086300000, 0x0000000086300000, 0x0000000086400000|  0%| F|  |TAMS 0x0000000086300000, 0x0000000086300000| Untracked 
|  14|0x0000000086400000, 0x0000000086400000, 0x0000000086500000|  0%| F|  |TAMS 0x0000000086400000, 0x0000000086400000| Untracked 
|  15|0x0000000086500000, 0x0000000086500000, 0x0000000086600000|  0%| F|  |TAMS 0x0000000086500000, 0x0000000086500000| Untracked 
|  16|0x0000000086600000, 0x0000000086600000, 0x0000000086700000|  0%| F|  |TAMS 0x0000000086600000, 0x0000000086600000| Untracked 
|  17|0x0000000086700000, 0x0000000086700000, 0x0000000086800000|  0%| F|  |TAMS 0x0000000086700000, 0x0000000086700000| Untracked 
|  18|0x0000000086800000, 0x0000000086800000, 0x0000000086900000|  0%| F|  |TAMS 0x0000000086800000, 0x0000000086800000| Untracked 
|  19|0x0000000086900000, 0x0000000086900000, 0x0000000086a00000|  0%| F|  |TAMS 0x0000000086900000, 0x0000000086900000| Untracked 
|  20|0x0000000086a00000, 0x0000000086a00000, 0x0000000086b00000|  0%| F|  |TAMS 0x0000000086a00000, 0x0000000086a00000| Untracked 
|  21|0x0000000086b00000, 0x0000000086b00000, 0x0000000086c00000|  0%| F|  |TAMS 0x0000000086b00000, 0x0000000086b00000| Untracked 
|  22|0x0000000086c00000, 0x0000000086c00000, 0x0000000086d00000|  0%| F|  |TAMS 0x0000000086c00000, 0x0000000086c00000| Untracked 
|  23|0x0000000086d00000, 0x0000000086d00000, 0x0000000086e00000|  0%| F|  |TAMS 0x0000000086d00000, 0x0000000086d00000| Untracked 
|  24|0x0000000086e00000, 0x0000000086e00000, 0x0000000086f00000|  0%| F|  |TAMS 0x0000000086e00000, 0x0000000086e00000| Untracked 
|  25|0x0000000086f00000, 0x0000000086f00000, 0x0000000087000000|  0%| F|  |TAMS 0x0000000086f00000, 0x0000000086f00000| Untracked 
|  26|0x0000000087000000, 0x0000000087000000, 0x0000000087100000|  0%| F|  |TAMS 0x0000000087000000, 0x0000000087000000| Untracked 
|  27|0x0000000087100000, 0x0000000087100000, 0x0000000087200000|  0%| F|  |TAMS 0x0000000087100000, 0x0000000087100000| Untracked 
|  28|0x0000000087200000, 0x0000000087200000, 0x0000000087300000|  0%| F|  |TAMS 0x0000000087200000, 0x0000000087200000| Untracked 
|  29|0x0000000087300000, 0x0000000087300000, 0x0000000087400000|  0%| F|  |TAMS 0x0000000087300000, 0x0000000087300000| Untracked 
|  30|0x0000000087400000, 0x0000000087400000, 0x0000000087500000|  0%| F|  |TAMS 0x0000000087400000, 0x0000000087400000| Untracked 
|  31|0x0000000087500000, 0x0000000087500000, 0x0000000087600000|  0%| F|  |TAMS 0x0000000087500000, 0x0000000087500000| Untracked 
|  32|0x0000000087600000, 0x0000000087600000, 0x0000000087700000|  0%| F|  |TAMS 0x0000000087600000, 0x0000000087600000| Untracked 
|  33|0x0000000087700000, 0x0000000087700000, 0x0000000087800000|  0%| F|  |TAMS 0x0000000087700000, 0x0000000087700000| Untracked 
|  34|0x0000000087800000, 0x0000000087800000, 0x0000000087900000|  0%| F|  |TAMS 0x0000000087800000, 0x0000000087800000| Untracked 
|  35|0x0000000087900000, 0x0000000087900000, 0x0000000087a00000|  0%| F|  |TAMS 0x0000000087900000, 0x0000000087900000| Untracked 
|  36|0x0000000087a00000, 0x0000000087a00000, 0x0000000087b00000|  0%| F|  |TAMS 0x0000000087a00000, 0x0000000087a00000| Untracked 
|  37|0x0000000087b00000, 0x0000000087b00000, 0x0000000087c00000|  0%| F|  |TAMS 0x0000000087b00000, 0x0000000087b00000| Untracked 
|  38|0x0000000087c00000, 0x0000000087c00000, 0x0000000087d00000|  0%| F|  |TAMS 0x0000000087c00000, 0x0000000087c00000| Untracked 
|  39|0x0000000087d00000, 0x0000000087d00000, 0x0000000087e00000|  0%| F|  |TAMS 0x0000000087d00000, 0x0000000087d00000| Untracked 
|  40|0x0000000087e00000, 0x0000000087e00000, 0x0000000087f00000|  0%| F|  |TAMS 0x0000000087e00000, 0x0000000087e00000| Untracked 
|  41|0x0000000087f00000, 0x0000000087f00000, 0x0000000088000000|  0%| F|  |TAMS 0x0000000087f00000, 0x0000000087f00000| Untracked 
|  42|0x0000000088000000, 0x0000000088000000, 0x0000000088100000|  0%| F|  |TAMS 0x0000000088000000, 0x0000000088000000| Untracked 
|  43|0x0000000088100000, 0x0000000088100000, 0x0000000088200000|  0%| F|  |TAMS 0x0000000088100000, 0x0000000088100000| Untracked 
|  44|0x0000000088200000, 0x0000000088200000, 0x0000000088300000|  0%| F|  |TAMS 0x0000000088200000, 0x0000000088200000| Untracked 
|  45|0x0000000088300000, 0x0000000088300000, 0x0000000088400000|  0%| F|  |TAMS 0x0000000088300000, 0x0000000088300000| Untracked 
|  46|0x0000000088400000, 0x0000000088400000, 0x0000000088500000|  0%| F|  |TAMS 0x0000000088400000, 0x0000000088400000| Untracked 
|  47|0x0000000088500000, 0x0000000088500000, 0x0000000088600000|  0%| F|  |TAMS 0x0000000088500000, 0x0000000088500000| Untracked 
|  48|0x0000000088600000, 0x0000000088600000, 0x0000000088700000|  0%| F|  |TAMS 0x0000000088600000, 0x0000000088600000| Untracked 
|  49|0x0000000088700000, 0x0000000088700000, 0x0000000088800000|  0%| F|  |TAMS 0x0000000088700000, 0x0000000088700000| Untracked 
|  50|0x0000000088800000, 0x0000000088800000, 0x0000000088900000|  0%| F|  |TAMS 0x0000000088800000, 0x0000000088800000| Untracked 
|  51|0x0000000088900000, 0x0000000088900000, 0x0000000088a00000|  0%| F|  |TAMS 0x0000000088900000, 0x0000000088900000| Untracked 
|  52|0x0000000088a00000, 0x0000000088a00000, 0x0000000088b00000|  0%| F|  |TAMS 0x0000000088a00000, 0x0000000088a00000| Untracked 
|  53|0x0000000088b00000, 0x0000000088b00000, 0x0000000088c00000|  0%| F|  |TAMS 0x0000000088b00000, 0x0000000088b00000| Untracked 
|  54|0x0000000088c00000, 0x0000000088c00000, 0x0000000088d00000|  0%| F|  |TAMS 0x0000000088c00000, 0x0000000088c00000| Untracked 
|  55|0x0000000088d00000, 0x0000000088d00000, 0x0000000088e00000|  0%| F|  |TAMS 0x0000000088d00000, 0x0000000088d00000| Untracked 
|  56|0x0000000088e00000, 0x0000000088e00000, 0x0000000088f00000|  0%| F|  |TAMS 0x0000000088e00000, 0x0000000088e00000| Untracked 
|  57|0x0000000088f00000, 0x0000000088f00000, 0x0000000089000000|  0%| F|  |TAMS 0x0000000088f00000, 0x0000000088f00000| Untracked 
|  58|0x0000000089000000, 0x0000000089000000, 0x0000000089100000|  0%| F|  |TAMS 0x0000000089000000, 0x0000000089000000| Untracked 
|  59|0x0000000089100000, 0x0000000089100000, 0x0000000089200000|  0%| F|  |TAMS 0x0000000089100000, 0x0000000089100000| Untracked 
|  60|0x0000000089200000, 0x0000000089200000, 0x0000000089300000|  0%| F|  |TAMS 0x0000000089200000, 0x0000000089200000| Untracked 
|  61|0x0000000089300000, 0x0000000089300000, 0x0000000089400000|  0%| F|  |TAMS 0x0000000089300000, 0x0000000089300000| Untracked 
|  62|0x0000000089400000, 0x0000000089400000, 0x0000000089500000|  0%| F|  |TAMS 0x0000000089400000, 0x0000000089400000| Untracked 
|  63|0x0000000089500000, 0x0000000089500000, 0x0000000089600000|  0%| F|  |TAMS 0x0000000089500000, 0x0000000089500000| Untracked 
|  64|0x0000000089600000, 0x0000000089600000, 0x0000000089700000|  0%| F|  |TAMS 0x0000000089600000, 0x0000000089600000| Untracked 
|  65|0x0000000089700000, 0x0000000089700000, 0x0000000089800000|  0%| F|  |TAMS 0x0000000089700000, 0x0000000089700000| Untracked 
|  66|0x0000000089800000, 0x0000000089800000, 0x0000000089900000|  0%| F|  |TAMS 0x0000000089800000, 0x0000000089800000| Untracked 
|  67|0x0000000089900000, 0x0000000089900000, 0x0000000089a00000|  0%| F|  |TAMS 0x0000000089900000, 0x0000000089900000| Untracked 
|  68|0x0000000089a00000, 0x0000000089a00000, 0x0000000089b00000|  0%| F|  |TAMS 0x0000000089a00000, 0x0000000089a00000| Untracked 
|  69|0x0000000089b00000, 0x0000000089b00000, 0x0000000089c00000|  0%| F|  |TAMS 0x0000000089b00000, 0x0000000089b00000| Untracked 
|  70|0x0000000089c00000, 0x0000000089c00000, 0x0000000089d00000|  0%| F|  |TAMS 0x0000000089c00000, 0x0000000089c00000| Untracked 
|  71|0x0000000089d00000, 0x0000000089d00000, 0x0000000089e00000|  0%| F|  |TAMS 0x0000000089d00000, 0x0000000089d00000| Untracked 
|  72|0x0000000089e00000, 0x0000000089e00000, 0x0000000089f00000|  0%| F|  |TAMS 0x0000000089e00000, 0x0000000089e00000| Untracked 
|  73|0x0000000089f00000, 0x0000000089f00000, 0x000000008a000000|  0%| F|  |TAMS 0x0000000089f00000, 0x0000000089f00000| Untracked 
|  74|0x000000008a000000, 0x000000008a000000, 0x000000008a100000|  0%| F|  |TAMS 0x000000008a000000, 0x000000008a000000| Untracked 
|  75|0x000000008a100000, 0x000000008a100000, 0x000000008a200000|  0%| F|  |TAMS 0x000000008a100000, 0x000000008a100000| Untracked 
|  76|0x000000008a200000, 0x000000008a200000, 0x000000008a300000|  0%| F|  |TAMS 0x000000008a200000, 0x000000008a200000| Untracked 
|  77|0x000000008a300000, 0x000000008a300000, 0x000000008a400000|  0%| F|  |TAMS 0x000000008a300000, 0x000000008a300000| Untracked 
|  78|0x000000008a400000, 0x000000008a400000, 0x000000008a500000|  0%| F|  |TAMS 0x000000008a400000, 0x000000008a400000| Untracked 
|  79|0x000000008a500000, 0x000000008a500000, 0x000000008a600000|  0%| F|  |TAMS 0x000000008a500000, 0x000000008a500000| Untracked 
|  80|0x000000008a600000, 0x000000008a600000, 0x000000008a700000|  0%| F|  |TAMS 0x000000008a600000, 0x000000008a600000| Untracked 
|  81|0x000000008a700000, 0x000000008a700000, 0x000000008a800000|  0%| F|  |TAMS 0x000000008a700000, 0x000000008a700000| Untracked 
|  82|0x000000008a800000, 0x000000008a800000, 0x000000008a900000|  0%| F|  |TAMS 0x000000008a800000, 0x000000008a800000| Untracked 
|  83|0x000000008a900000, 0x000000008a900000, 0x000000008aa00000|  0%| F|  |TAMS 0x000000008a900000, 0x000000008a900000| Untracked 
|  84|0x000000008aa00000, 0x000000008aa00000, 0x000000008ab00000|  0%| F|  |TAMS 0x000000008aa00000, 0x000000008aa00000| Untracked 
|  85|0x000000008ab00000, 0x000000008ab00000, 0x000000008ac00000|  0%| F|  |TAMS 0x000000008ab00000, 0x000000008ab00000| Untracked 
|  86|0x000000008ac00000, 0x000000008ac00000, 0x000000008ad00000|  0%| F|  |TAMS 0x000000008ac00000, 0x000000008ac00000| Untracked 
|  87|0x000000008ad00000, 0x000000008ad00000, 0x000000008ae00000|  0%| F|  |TAMS 0x000000008ad00000, 0x000000008ad00000| Untracked 
|  88|0x000000008ae00000, 0x000000008ae00000, 0x000000008af00000|  0%| F|  |TAMS 0x000000008ae00000, 0x000000008ae00000| Untracked 
|  89|0x000000008af00000, 0x000000008af00000, 0x000000008b000000|  0%| F|  |TAMS 0x000000008af00000, 0x000000008af00000| Untracked 
|  90|0x000000008b000000, 0x000000008b000000, 0x000000008b100000|  0%| F|  |TAMS 0x000000008b000000, 0x000000008b000000| Untracked 
|  91|0x000000008b100000, 0x000000008b100000, 0x000000008b200000|  0%| F|  |TAMS 0x000000008b100000, 0x000000008b100000| Untracked 
|  92|0x000000008b200000, 0x000000008b200000, 0x000000008b300000|  0%| F|  |TAMS 0x000000008b200000, 0x000000008b200000| Untracked 
|  93|0x000000008b300000, 0x000000008b300000, 0x000000008b400000|  0%| F|  |TAMS 0x000000008b300000, 0x000000008b300000| Untracked 
|  94|0x000000008b400000, 0x000000008b400000, 0x000000008b500000|  0%| F|  |TAMS 0x000000008b400000, 0x000000008b400000| Untracked 
|  95|0x000000008b500000, 0x000000008b500000, 0x000000008b600000|  0%| F|  |TAMS 0x000000008b500000, 0x000000008b500000| Untracked 
|  96|0x000000008b600000, 0x000000008b600000, 0x000000008b700000|  0%| F|  |TAMS 0x000000008b600000, 0x000000008b600000| Untracked 
|  97|0x000000008b700000, 0x000000008b800000, 0x000000008b800000|100%| S|CS|TAMS 0x000000008b700000, 0x000000008b700000| Complete 
|  98|0x000000008b800000, 0x000000008b900000, 0x000000008b900000|100%| S|CS|TAMS 0x000000008b800000, 0x000000008b800000| Complete 
|  99|0x000000008b900000, 0x000000008ba00000, 0x000000008ba00000|100%| S|CS|TAMS 0x000000008b900000, 0x000000008b900000| Complete 
| 100|0x000000008ba00000, 0x000000008ba00000, 0x000000008bb00000|  0%| F|  |TAMS 0x000000008ba00000, 0x000000008ba00000| Untracked 
| 101|0x000000008bb00000, 0x000000008bb00000, 0x000000008bc00000|  0%| F|  |TAMS 0x000000008bb00000, 0x000000008bb00000| Untracked 
| 102|0x000000008bc00000, 0x000000008bc00000, 0x000000008bd00000|  0%| F|  |TAMS 0x000000008bc00000, 0x000000008bc00000| Untracked 
| 103|0x000000008bd00000, 0x000000008bd80800, 0x000000008be00000| 50%| E|  |TAMS 0x000000008bd00000, 0x000000008bd00000| Complete 
| 104|0x000000008be00000, 0x000000008bf00000, 0x000000008bf00000|100%| E|CS|TAMS 0x000000008be00000, 0x000000008be00000| Complete 
| 105|0x000000008bf00000, 0x000000008c000000, 0x000000008c000000|100%| E|CS|TAMS 0x000000008bf00000, 0x000000008bf00000| Complete 
| 106|0x000000008c000000, 0x000000008c100000, 0x000000008c100000|100%| E|CS|TAMS 0x000000008c000000, 0x000000008c000000| Complete 
| 107|0x000000008c100000, 0x000000008c200000, 0x000000008c200000|100%| E|CS|TAMS 0x000000008c100000, 0x000000008c100000| Complete 
| 108|0x000000008c200000, 0x000000008c300000, 0x000000008c300000|100%| E|CS|TAMS 0x000000008c200000, 0x000000008c200000| Complete 
| 109|0x000000008c300000, 0x000000008c400000, 0x000000008c400000|100%| E|CS|TAMS 0x000000008c300000, 0x000000008c300000| Complete 
| 110|0x000000008c400000, 0x000000008c500000, 0x000000008c500000|100%| E|CS|TAMS 0x000000008c400000, 0x000000008c400000| Complete 
| 111|0x000000008c500000, 0x000000008c600000, 0x000000008c600000|100%| E|CS|TAMS 0x000000008c500000, 0x000000008c500000| Complete 
| 112|0x000000008c600000, 0x000000008c700000, 0x000000008c700000|100%| E|CS|TAMS 0x000000008c600000, 0x000000008c600000| Complete 
| 113|0x000000008c700000, 0x000000008c800000, 0x000000008c800000|100%| E|CS|TAMS 0x000000008c700000, 0x000000008c700000| Complete 
| 114|0x000000008c800000, 0x000000008c900000, 0x000000008c900000|100%| E|CS|TAMS 0x000000008c800000, 0x000000008c800000| Complete 
| 115|0x000000008c900000, 0x000000008ca00000, 0x000000008ca00000|100%| E|CS|TAMS 0x000000008c900000, 0x000000008c900000| Complete 
| 116|0x000000008ca00000, 0x000000008cb00000, 0x000000008cb00000|100%| E|CS|TAMS 0x000000008ca00000, 0x000000008ca00000| Complete 
| 117|0x000000008cb00000, 0x000000008cc00000, 0x000000008cc00000|100%| E|CS|TAMS 0x000000008cb00000, 0x000000008cb00000| Complete 
| 118|0x000000008cc00000, 0x000000008cd00000, 0x000000008cd00000|100%| E|CS|TAMS 0x000000008cc00000, 0x000000008cc00000| Complete 
| 119|0x000000008cd00000, 0x000000008ce00000, 0x000000008ce00000|100%| E|CS|TAMS 0x000000008cd00000, 0x000000008cd00000| Complete 
| 120|0x000000008ce00000, 0x000000008cf00000, 0x000000008cf00000|100%| E|CS|TAMS 0x000000008ce00000, 0x000000008ce00000| Complete 
| 121|0x000000008cf00000, 0x000000008d000000, 0x000000008d000000|100%| E|CS|TAMS 0x000000008cf00000, 0x000000008cf00000| Complete 
| 122|0x000000008d000000, 0x000000008d100000, 0x000000008d100000|100%| E|CS|TAMS 0x000000008d000000, 0x000000008d000000| Complete 
| 123|0x000000008d100000, 0x000000008d200000, 0x000000008d200000|100%| E|CS|TAMS 0x000000008d100000, 0x000000008d100000| Complete 

Card table byte_map: [0x000001acfdc90000,0x000001acfe070000] _byte_map_base: 0x000001acfd865000

Marking Bits (Prev, Next): (CMBitMap*) 0x000001ace4301498, (CMBitMap*) 0x000001ace43014d8
 Prev Bits: [0x000001ac80000000, 0x000001ac81ea8000)
 Next Bits: [0x000001ac81eb0000, 0x000001ac83d58000)

Polling page: 0x000001ace43a0000

Metaspace:

Usage:
  Non-class:     11.77 MB capacity,    11.46 MB ( 97%) used,   277.47 KB (  2%) free+waste,    37.06 KB ( <1%) overhead. 
      Class:      1.81 MB capacity,     1.65 MB ( 91%) used,   142.81 KB (  8%) free+waste,    19.50 KB (  1%) overhead. 
       Both:     13.58 MB capacity,    13.12 MB ( 97%) used,   420.28 KB (  3%) free+waste,    56.56 KB ( <1%) overhead. 

Virtual space:
  Non-class space:       12.00 MB reserved,      12.00 MB (100%) committed 
      Class space:        1.00 GB reserved,       1.88 MB ( <1%) committed 
             Both:        1.01 GB reserved,      13.88 MB (  1%) committed 

Chunk freelists:
   Non-Class:  5.38 KB
       Class:  256 bytes
        Both:  5.63 KB

CodeHeap 'non-profiled nmethods': size=120000Kb used=631Kb max_used=631Kb free=119368Kb
 bounds [0x000001acf58f0000, 0x000001acf5b60000, 0x000001acfce20000]
CodeHeap 'profiled nmethods': size=120000Kb used=3033Kb max_used=3033Kb free=116966Kb
 bounds [0x000001acee3c0000, 0x000001acee6c0000, 0x000001acf58f0000]
CodeHeap 'non-nmethods': size=5760Kb used=1172Kb max_used=1192Kb free=4587Kb
 bounds [0x000001acede20000, 0x000001acee090000, 0x000001acee3c0000]
 total_blobs=2539 nmethods=1529 adapters=414
 compilation: enabled
              stopped_count=0, restarted_count=0
 full_count=0

Compilation events (10 events):
Event: 8.742 Thread 0x000001acfef0c000 1644       3       java.lang.reflect.ProxyGenerator$ConstantPool::getFieldRef (33 bytes)
Event: 8.744 Thread 0x000001acfef0c000 nmethod 1644 0x000001acee6b3a90 code [0x000001acee6b3d60, 0x000001acee6b4ab0]
Event: 8.744 Thread 0x000001acfef0c000 1645       3       java.lang.reflect.ProxyGenerator$ConstantPool::getString (21 bytes)
Event: 8.744 Thread 0x000001acfef0c000 nmethod 1645 0x000001acee6b5010 code [0x000001acee6b5220, 0x000001acee6b5730]
Event: 8.744 Thread 0x000001acfef0c000 1646       3       java.lang.reflect.ProxyGenerator::code_ldc (64 bytes)
Event: 8.746 Thread 0x000001acfef0c000 nmethod 1646 0x000001acee6b5910 code [0x000001acee6b5b80, 0x000001acee6b6630]
Event: 8.750 Thread 0x000001acfef0c000 1649       3       java.lang.PublicMethods$MethodList::filter (104 bytes)
Event: 8.752 Thread 0x000001acfef0c000 nmethod 1649 0x000001acee6b6990 code [0x000001acee6b6c00, 0x000001acee6b7820]
Event: 8.788 Thread 0x000001acfef08000 nmethod 1637 0x000001acf598c810 code [0x000001acf598ca00, 0x000001acf598d730]
Event: 8.788 Thread 0x000001acfef08000 1647       4       java.io.DataOutputStream::writeShort (35 bytes)

GC Heap History (2 events):
Event: 1.756 GC heap before
{Heap before GC invocations=0 (full 0):
 garbage-first heap   total 126976K, used 23552K [0x0000000085600000, 0x0000000100000000)
  region size 1024K, 24 young (24576K), 0 survivors (0K)
 Metaspace       used 8566K, capacity 8859K, committed 9088K, reserved 1056768K
  class space    used 964K, capacity 1056K, committed 1152K, reserved 1048576K
}
Event: 1.770 GC heap after
{Heap after GC invocations=1 (full 0):
 garbage-first heap   total 126976K, used 5228K [0x0000000085600000, 0x0000000100000000)
  region size 1024K, 3 young (3072K), 3 survivors (3072K)
 Metaspace       used 8566K, capacity 8859K, committed 9088K, reserved 1056768K
  class space    used 964K, capacity 1056K, committed 1152K, reserved 1048576K
}

Deoptimization events (10 events):
Event: 1.721 Thread 0x000001ace42c3000 Uncommon trap: reason=unstable_if action=reinterpret pc=0x000001acf5932314 method=java.lang.String.startsWith(Ljava/lang/String;I)Z @ 46 c2
Event: 1.748 Thread 0x000001ace42c3000 Uncommon trap: reason=unstable_if action=reinterpret pc=0x000001acf58f843c method=java.lang.String.isLatin1()Z @ 10 c2
Event: 1.909 Thread 0x000001ace42c3000 Uncommon trap: reason=unstable_if action=reinterpret pc=0x000001acf596afd4 method=java.lang.String.replace(CC)Ljava/lang/String; @ 2 c2
Event: 1.919 Thread 0x000001ace42c3000 Uncommon trap: reason=unstable_if action=reinterpret pc=0x000001acf5965a4c method=java.util.concurrent.ConcurrentHashMap.addCount(JI)V @ 121 c2
Event: 1.936 Thread 0x000001ac86580800 Uncommon trap: reason=unstable_if action=reinterpret pc=0x000001acf5947dec method=java.lang.CharacterDataLatin1.digit(II)I @ 12 c2
Event: 2.447 Thread 0x000001ac86580800 Uncommon trap: reason=unstable_if action=reinterpret pc=0x000001acf59479f4 method=java.lang.CharacterDataLatin1.digit(II)I @ 12 c2
Event: 2.554 Thread 0x000001ace42c3000 Uncommon trap: reason=unstable_if action=reinterpret pc=0x000001acf596085c method=java.io.ByteArrayInputStream.read([BII)I @ 35 c2
Event: 2.721 Thread 0x000001ace42c3000 Uncommon trap: reason=unstable_if action=reinterpret pc=0x000001acf5969a74 method=java.util.concurrent.ConcurrentHashMap.putVal(Ljava/lang/Object;Ljava/lang/Object;Z)Ljava/lang/Object; @ 256 c2
Event: 8.714 Thread 0x000001ace42c3000 Uncommon trap: reason=bimorphic_or_optimized_type_check action=maybe_recompile pc=0x000001acf5956c8c method=java.util.HashMap.putVal(ILjava/lang/Object;Ljava/lang/Object;ZZ)Ljava/lang/Object; @ 203 c2
Event: 8.750 Thread 0x000001ace42c3000 Uncommon trap: reason=bimorphic_or_optimized_type_check action=maybe_recompile pc=0x000001acf5956c8c method=java.util.HashMap.putVal(ILjava/lang/Object;Ljava/lang/Object;ZZ)Ljava/lang/Object; @ 203 c2

Classes redefined (0 events):
No events

Internal exceptions (10 events):
Event: 2.436 Thread 0x000001ac86580800 Exception <a 'java/net/SocketTimeoutException'{0x000000008cc83648}: connect timed out> (0x000000008cc83648) thrown at [t:/workspace/open/src/hotspot/share/prims/jni.cpp, line 636]
Event: 2.528 Thread 0x000001ace42c3000 Exception <a 'java/lang/NoSuchMethodError'{0x000000008c9be050}: java.lang.invoke.DirectMethodHandle$Holder.invokeInterface(Ljava/lang/Object;Ljava/lang/Object;Ljava/lang/Object;)Ljava/lang/Object;> (0x000000008c9be050) thrown at [t:/workspace/open/src/hot
Event: 2.529 Thread 0x000001ace42c3000 Exception <a 'java/lang/IncompatibleClassChangeError'{0x000000008c9c10c0}: Found class java.lang.Object, but interface was expected> (0x000000008c9c10c0) thrown at [t:/workspace/open/src/hotspot/share/interpreter/linkResolver.cpp, line 843]
Event: 2.531 Thread 0x000001ace42c3000 Exception <a 'java/lang/NoSuchMethodError'{0x000000008c9c94a0}: java.lang.invoke.DirectMethodHandle$Holder.invokeSpecialIFC(Ljava/lang/Object;Ljava/lang/Object;Ljava/lang/Object;Ljava/lang/Object;)I> (0x000000008c9c94a0) thrown at [t:/workspace/open/src/h
Event: 2.533 Thread 0x000001ace42c3000 Exception <a 'java/lang/NoSuchMethodError'{0x000000008c9d0e58}: java.lang.invoke.DirectMethodHandle$Holder.invokeInterface(Ljava/lang/Object;Ljava/lang/Object;Ljava/lang/Object;Ljava/lang/Object;)Ljava/lang/Object;> (0x000000008c9d0e58) thrown at [t:/work
Event: 2.538 Thread 0x000001ace42c3000 Exception <a 'java/lang/NoSuchMethodError'{0x000000008c9f0ce0}: java.lang.invoke.DirectMethodHandle$Holder.invokeVirtual(Ljava/lang/Object;Ljava/lang/Object;Ljava/lang/Object;)Ljava/lang/Object;> (0x000000008c9f0ce0) thrown at [t:/workspace/open/src/hotsp
Event: 4.906 Thread 0x000001ace42c3000 Exception <a 'java/lang/NoSuchMethodError'{0x000000008c168f20}: java.lang.invoke.DirectMethodHandle$Holder.invokeStatic(Ljava/lang/Object;Ljava/lang/Object;Ljava/lang/Object;Ljava/lang/Object;)V> (0x000000008c168f20) thrown at [t:/workspace/open/src/hotsp
Event: 4.947 Thread 0x000001ace42c3000 Exception <a 'java/lang/ClassNotFoundException'{0x000000008c06ce90}: sun/util/logging/resources/spi/loggingProvider> (0x000000008c06ce90) thrown at [t:/workspace/open/src/hotspot/share/classfile/systemDictionary.cpp, line 235]
Event: 4.975 Thread 0x000001ace42c3000 Exception <a 'java/net/SocketTimeoutException'{0x000000008bf28830}: Read timed out> (0x000000008bf28830) thrown at [t:/workspace/open/src/hotspot/share/prims/jni.cpp, line 636]
Event: 8.753 Thread 0x000001ace42c3000 Exception <a 'java/net/SocketTimeoutException'{0x000000008bd43370}: Read timed out> (0x000000008bd43370) thrown at [t:/workspace/open/src/hotspot/share/prims/jni.cpp, line 636]

Events (10 events):
Event: 8.746 loading class org/openqa/selenium/OutputType$1 done
Event: 8.747 loading class org/openqa/selenium/OutputType$2
Event: 8.747 loading class org/openqa/selenium/OutputType$2 done
Event: 8.749 loading class org/openqa/selenium/OutputType$3
Event: 8.749 loading class org/openqa/selenium/OutputType$3 done
Event: 8.750 Thread 0x000001ace42c3000 Uncommon trap: trap_request=0xffffffc6 fr.pc=0x000001acf5956c8c relative=0x0000000000000b4c
Event: 8.750 Thread 0x000001ace42c3000 DEOPT PACKING pc=0x000001acf5956c8c sp=0x000000a92b0fd940
Event: 8.750 Thread 0x000001ace42c3000 DEOPT UNPACKING pc=0x000001acede49baf sp=0x000000a92b0fd8e0 mode 2
Event: 8.750 loading class java/util/AbstractList$ListItr
Event: 8.751 loading class java/util/AbstractList$ListItr done


Dynamic libraries:
0x00007ff7c54f0000 - 0x00007ff7c54ff000 	C:\Program Files\Java\jdk-12.0.2\bin\java.exe
0x00007ffad6880000 - 0x00007ffad6a52000 	C:\WINDOWS\SYSTEM32\ntdll.dll
0x00007ffad3f70000 - 0x00007ffad401c000 	C:\WINDOWS\System32\KERNEL32.DLL
0x00007ffad3a20000 - 0x00007ffad3c3d000 	C:\WINDOWS\System32\KERNELBASE.dll
0x00007ffad3870000 - 0x00007ffad3965000 	C:\WINDOWS\System32\ucrtbase.dll
0x00007ffacee70000 - 0x00007ffacee88000 	C:\Program Files\Java\jdk-12.0.2\bin\jli.dll
0x00007fface070000 - 0x00007fface086000 	C:\Program Files\Java\jdk-12.0.2\bin\VCRUNTIME140.dll
0x00007ffad4800000 - 0x00007ffad48a2000 	C:\WINDOWS\System32\ADVAPI32.dll
0x00007ffad4f00000 - 0x00007ffad4f9e000 	C:\WINDOWS\System32\msvcrt.dll
0x00007ffad5000000 - 0x00007ffad5059000 	C:\WINDOWS\System32\sechost.dll
0x00007ffad4630000 - 0x00007ffad4751000 	C:\WINDOWS\System32\RPCRT4.dll
0x00007ffad4cc0000 - 0x00007ffad4e25000 	C:\WINDOWS\System32\USER32.dll
0x00007ffad3ce0000 - 0x00007ffad3cfe000 	C:\WINDOWS\System32\win32u.dll
0x00007ffad5060000 - 0x00007ffad5094000 	C:\WINDOWS\System32\GDI32.dll
0x00007ffad36f0000 - 0x00007ffad3870000 	C:\WINDOWS\System32\gdi32full.dll
0x00007ffac7d10000 - 0x00007ffac7f8a000 	C:\WINDOWS\WinSxS\amd64_microsoft.windows.common-controls_6595b64144ccf1df_6.0.14393.2248_none_7ddece3683436ba6\COMCTL32.dll
0x00007ffad50a0000 - 0x00007ffad5368000 	C:\WINDOWS\System32\combase.dll
0x00007ffad3630000 - 0x00007ffad369a000 	C:\WINDOWS\System32\bcryptPrimitives.dll
0x00007ffac47f0000 - 0x00007ffac47fa000 	C:\WINDOWS\SYSTEM32\VERSION.dll
0x00007ffad4bd0000 - 0x00007ffad4bfe000 	C:\WINDOWS\System32\IMM32.DLL
0x00007ffab3ce0000 - 0x00007ffab3d8a000 	C:\Program Files\Java\jdk-12.0.2\bin\msvcp140.dll
0x00007ffa76860000 - 0x00007ffa773d7000 	C:\Program Files\Java\jdk-12.0.2\bin\server\jvm.dll
0x00007ffad41c0000 - 0x00007ffad41c8000 	C:\WINDOWS\System32\PSAPI.DLL
0x00007ffac4260000 - 0x00007ffac4269000 	C:\WINDOWS\SYSTEM32\WSOCK32.dll
0x00007ffad0e40000 - 0x00007ffad0e63000 	C:\WINDOWS\SYSTEM32\WINMM.dll
0x00007ffad4b60000 - 0x00007ffad4bca000 	C:\WINDOWS\System32\WS2_32.dll
0x00007ffad0bd0000 - 0x00007ffad0bfb000 	C:\WINDOWS\SYSTEM32\WINMMBASE.dll
0x00007ffad36a0000 - 0x00007ffad36e2000 	C:\WINDOWS\System32\cfgmgr32.dll
0x00007ffad2d20000 - 0x00007ffad2d2f000 	C:\WINDOWS\System32\kernel.appcore.dll
0x00007ffac8d10000 - 0x00007ffac8d21000 	C:\Program Files\Java\jdk-12.0.2\bin\verify.dll
0x00007ffacfb40000 - 0x00007ffacfcd2000 	C:\WINDOWS\SYSTEM32\DBGHELP.DLL
0x00007ffac2760000 - 0x00007ffac2789000 	C:\WINDOWS\SYSTEM32\dbgcore.DLL
0x00007ffac08d0000 - 0x00007ffac08f6000 	C:\Program Files\Java\jdk-12.0.2\bin\java.dll
0x00007ffacee60000 - 0x00007ffacee6e000 	C:\Program Files\Java\jdk-12.0.2\bin\instrument.dll
0x00007ffac8950000 - 0x00007ffac8967000 	C:\Program Files\Java\jdk-12.0.2\bin\zip.dll
0x00007ffad0fd0000 - 0x00007ffad0fda000 	C:\Program Files\Java\jdk-12.0.2\bin\jimage.dll
0x00007ffad5370000 - 0x00007ffad6879000 	C:\WINDOWS\System32\SHELL32.dll
0x00007ffad2f50000 - 0x00007ffad3629000 	C:\WINDOWS\System32\windows.storage.dll
0x00007ffad2d30000 - 0x00007ffad2d7c000 	C:\WINDOWS\System32\powrprof.dll
0x00007ffad3e10000 - 0x00007ffad3e62000 	C:\WINDOWS\System32\shlwapi.dll
0x00007ffad3d00000 - 0x00007ffad3da9000 	C:\WINDOWS\System32\shcore.dll
0x00007ffad2cf0000 - 0x00007ffad2d04000 	C:\WINDOWS\System32\profapi.dll
0x00007ffac8040000 - 0x00007ffac8059000 	C:\Program Files\Java\jdk-12.0.2\bin\net.dll
0x00007ffac7950000 - 0x00007ffac7a1d000 	C:\WINDOWS\SYSTEM32\WINHTTP.dll
0x00007ffac32f0000 - 0x00007ffac34b2000 	C:\WINDOWS\SYSTEM32\urlmon.dll
0x00007ffac8970000 - 0x00007ffac8c15000 	C:\WINDOWS\SYSTEM32\iertutil.dll
0x00007ffad2620000 - 0x00007ffad267c000 	C:\WINDOWS\system32\mswsock.dll
0x00007ffac5c10000 - 0x00007ffac5c23000 	C:\Program Files\Java\jdk-12.0.2\bin\nio.dll
0x00007ffac4a80000 - 0x00007ffac4a9a000 	C:\Program Files\JetBrains\IntelliJ IDEA Community Edition 2021.1\bin\breakgen64.dll
0x00007ffad27c0000 - 0x00007ffad27d7000 	C:\WINDOWS\SYSTEM32\CRYPTSP.dll
0x00007ffad2220000 - 0x00007ffad2253000 	C:\WINDOWS\system32\rsaenh.dll
0x00007ffad28d0000 - 0x00007ffad28fb000 	C:\WINDOWS\SYSTEM32\bcrypt.dll
0x00007ffad24a0000 - 0x00007ffad24bf000 	C:\WINDOWS\SYSTEM32\USERENV.dll
0x00007ffad27e0000 - 0x00007ffad27eb000 	C:\WINDOWS\SYSTEM32\CRYPTBASE.dll
0x00007ffad23a0000 - 0x00007ffad23d8000 	C:\WINDOWS\SYSTEM32\IPHLPAPI.DLL
0x00007ffad4b50000 - 0x00007ffad4b58000 	C:\WINDOWS\System32\NSI.dll
0x00007ffaca4d0000 - 0x00007ffaca4e6000 	C:\WINDOWS\SYSTEM32\dhcpcsvc6.DLL
0x00007ffaca4b0000 - 0x00007ffaca4ca000 	C:\WINDOWS\SYSTEM32\dhcpcsvc.DLL
0x00007ffad23f0000 - 0x00007ffad2491000 	C:\WINDOWS\SYSTEM32\DNSAPI.dll
0x00007ffac5680000 - 0x00007ffac568a000 	C:\Windows\System32\rasadhlp.dll
0x00007ffac5760000 - 0x00007ffac57ca000 	C:\WINDOWS\System32\fwpuclnt.dll
0x00007ffacb500000 - 0x00007ffacb50e000 	C:\Program Files\Java\jdk-12.0.2\bin\sunmscapi.dll
0x00007ffad2d80000 - 0x00007ffad2f49000 	C:\WINDOWS\System32\CRYPT32.dll
0x00007ffad2d10000 - 0x00007ffad2d20000 	C:\WINDOWS\System32\MSASN1.dll
0x00007ffad28a0000 - 0x00007ffad28c6000 	C:\WINDOWS\SYSTEM32\ncrypt.dll
0x00007ffad2860000 - 0x00007ffad289b000 	C:\WINDOWS\SYSTEM32\NTASN1.dll
0x00007ffabf210000 - 0x00007ffabf237000 	C:\Program Files\Java\jdk-12.0.2\bin\sunec.dll

dbghelp: loaded successfully - version: 4.0.5 - missing functions: none
symbol engine: initialized successfully - sym options: 0x614 - pdb path: .;C:\Program Files\Java\jdk-12.0.2\bin;C:\WINDOWS\SYSTEM32;C:\WINDOWS\WinSxS\amd64_microsoft.windows.common-controls_6595b64144ccf1df_6.0.14393.2248_none_7ddece3683436ba6;C:\Program Files\Java\jdk-12.0.2\bin\server;C:\Program Files\JetBrains\IntelliJ IDEA Community Edition 2021.1\bin

VM Arguments:
jvm_args: -ea -Didea.test.cyclic.buffer.size=1048576 -javaagent:C:\Program Files\JetBrains\IntelliJ IDEA Community Edition 2021.1\lib\idea_rt.jar=1567:C:\Program Files\JetBrains\IntelliJ IDEA Community Edition 2021.1\bin -Dfile.encoding=UTF-8 
java_command: com.intellij.rt.testng.RemoteTestNGStarter -usedefaultlisteners false -socket1566 @w@C:\Users\ENGMAZ~1\AppData\Local\Temp\idea_working_dirs_testng.tmp -temp C:\Users\ENGMAZ~1\AppData\Local\Temp\idea_testng.tmp
java_class_path (initial): C:\Program Files\JetBrains\IntelliJ IDEA Community Edition 2021.1\lib\idea_rt.jar;C:\Program Files\JetBrains\IntelliJ IDEA Community Edition 2021.1\plugins\testng\lib\testng-rt.jar;E:\testing\selinuem\TASK\task1\target\test-classes;E:\testing\selinuem\TASK\task1\target\classes;C:\Users\Eng Mazro3\.m2\repository\org\seleniumhq\selenium\selenium-java\3.8.1\selenium-java-3.8.1.jar;C:\Users\Eng Mazro3\.m2\repository\org\seleniumhq\selenium\selenium-api\3.8.1\selenium-api-3.8.1.jar;C:\Users\Eng Mazro3\.m2\repository\org\seleniumhq\selenium\selenium-chrome-driver\3.8.1\selenium-chrome-driver-3.8.1.jar;C:\Users\Eng Mazro3\.m2\repository\org\seleniumhq\selenium\selenium-edge-driver\3.8.1\selenium-edge-driver-3.8.1.jar;C:\Users\Eng Mazro3\.m2\repository\org\seleniumhq\selenium\selenium-firefox-driver\3.8.1\selenium-firefox-driver-3.8.1.jar;C:\Users\Eng Mazro3\.m2\repository\org\seleniumhq\selenium\selenium-ie-driver\3.8.1\selenium-ie-driver-3.8.1.jar;C:\Users\Eng Mazro3\.m2\repository\org\seleniumhq\selenium\selenium-opera-driver\3.8.1\selenium-opera-driver-3.8.1.jar;C:\Users\Eng Mazro3\.m2\repository\org\seleniumhq\selenium\selenium-remote-driver\3.8.1\selenium-remote-driver-3.8.1.jar;C:\Users\Eng Mazro3\.m2\repository\org\seleniumhq\selenium\selenium-safari-driver\3.8.1\selenium-safari-driver-3.8.1.jar;C:\Users\Eng Mazro3\.m2\repository\org\seleniumhq\selenium\selenium-support\3.8.1\selenium-support-3.8.1.jar;C:\Users\Eng Mazro3\.m2\repository\net\bytebuddy\byte-buddy\1.7.5\byte-buddy-1.7.5.jar;C:\Users\Eng Mazro3\.m2\repository\org\apache\commons\commons-exec\1.3\commons-exec-1.3.jar;C:\Users\Eng Mazro3\.m2\repository\commons-codec\commons-codec\1.10\commons-codec-1.10.jar;C:\Users\Eng Mazro3\.m2\repository\commons-logging\commons-logging\1.2\commons-logging-1.2.jar;C:\Users\Eng Mazro3\.m2\repository\com\google\code\gson\gson\2.8.2\gson-2.8.2.jar;C:\Users\Eng Mazro3\.m2\repository\com\google\guava\guava\23.0\guava-23.0.jar;C:\Users\Eng Mazro3\
Launcher Type: SUN_STANDARD

[Global flags]
     intx CICompilerCount                          = 4                                         {product} {ergonomic}
     uint ConcGCThreads                            = 2                                         {product} {ergonomic}
     uint G1ConcRefinementThreads                  = 8                                         {product} {ergonomic}
   size_t G1HeapRegionSize                         = 1048576                                   {product} {ergonomic}
    uintx GCDrainStackTargetSize                   = 64                                        {product} {ergonomic}
   size_t InitialHeapSize                          = 130023424                                 {product} {ergonomic}
   size_t MarkStackSize                            = 4194304                                   {product} {ergonomic}
   size_t MaxHeapSize                              = 2057306112                                {product} {ergonomic}
   size_t MaxNewSize                               = 1234173952                                {product} {ergonomic}
   size_t MinHeapDeltaBytes                        = 1048576                                   {product} {ergonomic}
    uintx NonNMethodCodeHeapSize                   = 5836300                                {pd product} {ergonomic}
    uintx NonProfiledCodeHeapSize                  = 122910970                              {pd product} {ergonomic}
    uintx ProfiledCodeHeapSize                     = 122910970                              {pd product} {ergonomic}
    uintx ReservedCodeCacheSize                    = 251658240                              {pd product} {ergonomic}
     bool SegmentedCodeCache                       = true                                      {product} {ergonomic}
     bool UseCompressedClassPointers               = true                                 {lp64_product} {ergonomic}
     bool UseCompressedOops                        = true                                 {lp64_product} {ergonomic}
     bool UseG1GC                                  = true                                      {product} {ergonomic}
     bool UseLargePagesIndividualAllocation        = false                                  {pd product} {ergonomic}

Logging:
Log output configuration:
 #0: stdout all=warning uptime,level,tags
 #1: stderr all=off uptime,level,tags

Environment Variables:
JAVA_HOME=C:\Program Files\Java\jdk-12.0.2
PATH=C:\Program Files\Microsoft MPI\Bin\;C:\Program Files (x86)\Common Files\Oracle\Java\javapath;C:\Users\MO_FARES\Documents\product\11.2.0\dbhome_1\bin;E:\app\EngMazro3\product\11.2.0\dbhome_2\bin;E:\app\EngMazro3\product\11.2.0\dbhome_1\bin;C:\WINDOWS\system32;C:\WINDOWS;C:\WINDOWS\System32\Wbem;C:\WINDOWS\System32\WindowsPowerShell\v1.0\;C:\Program Files\Java\jdk-12.0.2\bin;C:\sqlite3;E:\testing\selinuem\apache-maven-3.6.3\bin;C:\Program Files\Java\jdk-12.0.2;C:\Program Files\Git\cmd;E:\testing\selinuem\allure-2.13.3\bin;E:\testing\selinuem\gradle-6.4.1\bin;C:\Program Files (x86)\Microsoft SQL Server\150\Tools\Binn\;C:\Program Files\Microsoft SQL Server\150\Tools\Binn\;C:\Program Files (x86)\Microsoft SQL Server\150\DTS\Binn\;C:\Program Files\Microsoft SQL Server\150\DTS\Binn\;C:\Program Files\Microsoft SQL Server\Client SDK\ODBC\170\Tools\Binn\;C:\Program Files\Azure Data Studio\bin;C:\Users\Eng Mazro3\AppData\Local\Programs\Python\Python39\Scripts\;C:\Users\Eng Mazro3\AppData\Local\Programs\Python\Python39\;C:\Users\Eng Mazro3\AppData\Local\Microsoft\WindowsApps;;C:\Program Files\JetBrains\CLion 2019.2.5\bin;;C:\Program Files\JetBrains\IntelliJ IDEA Community Edition 2020.1.1\bin;;C:\Program Files\JetBrains\PyCharm Community Edition 2020.2.3\bin;;C:\Program Files\Azure Data Studio\bin
USERNAME=Eng Mazro3
OS=Windows_NT
PROCESSOR_IDENTIFIER=Intel64 Family 6 Model 142 Stepping 10, GenuineIntel



---------------  S Y S T E M  ---------------

OS: Windows 10 , 64 bit Build 14393 (10.0.14393.2214)

CPU:total 8 (initial active 8) (4 cores per cpu, 2 threads per core) family 6 model 142 stepping 10, cmov, cx8, fxsr, mmx, sse, sse2, sse3, ssse3, sse4.1, sse4.2, popcnt, avx, avx2, aes, clmul, erms, 3dnowpref, lzcnt, ht, tsc, tscinvbit, bmi1, bmi2, adx, fma

Memory: 4k page, system-wide physical 7845M (1323M free)
TotalPageFile size 13997M (AvailPageFile size 0M)
current process WorkingSet (physical memory assigned to process): 91M, peak: 96M
current process commit charge ("private bytes"): 225M, peak: 228M

vm_info: Java HotSpot(TM) 64-Bit Server VM (12.0.2+10) for windows-amd64 JRE (12.0.2+10), built on Jul 16 2019 01:56:17 by "mach5one" with MS VC++ 15.5 (VS2017)

END.
